{"D:\\Rahul_Sale\\React18_WB\\src\\App.jsx": {"path":"D:\\Rahul_Sale\\React18_WB\\src\\App.jsx","statementMap":{"0":{"start":{"line":9,"column":2},"end":{"line":19,"column":4}}},"fnMap":{"0":{"name":"App","decl":{"start":{"line":8,"column":9},"end":{"line":8,"column":12}},"loc":{"start":{"line":8,"column":15},"end":{"line":20,"column":1}},"line":8}},"branchMap":{},"s":{"0":0},"f":{"0":0},"b":{}}
,"D:\\Rahul_Sale\\React18_WB\\src\\index.jsx": {"path":"D:\\Rahul_Sale\\React18_WB\\src\\index.jsx","statementMap":{"0":{"start":{"line":5,"column":20},"end":{"line":5,"column":51}},"1":{"start":{"line":6,"column":13},"end":{"line":6,"column":36}},"2":{"start":{"line":7,"column":0},"end":{"line":11,"column":2}}},"fnMap":{},"branchMap":{},"s":{"0":0,"1":0,"2":0},"f":{},"b":{}}
,"D:\\Rahul_Sale\\React18_WB\\src\\components\\ChallengeToDeveloper.jsx": {"path":"D:\\Rahul_Sale\\React18_WB\\src\\components\\ChallengeToDeveloper.jsx","statementMap":{},"fnMap":{},"branchMap":{},"s":{},"f":{},"b":{}}
,"D:\\Rahul_Sale\\React18_WB\\src\\components\\ChallengeToTA.jsx": {"path":"D:\\Rahul_Sale\\React18_WB\\src\\components\\ChallengeToTA.jsx","statementMap":{},"fnMap":{},"branchMap":{},"s":{},"f":{},"b":{}}
,"D:\\Rahul_Sale\\React18_WB\\src\\components\\ChallengeToTL.jsx": {"path":"D:\\Rahul_Sale\\React18_WB\\src\\components\\ChallengeToTL.jsx","statementMap":{},"fnMap":{},"branchMap":{},"s":{},"f":{},"b":{}}
,"D:\\Rahul_Sale\\React18_WB\\src\\components\\CompetionChallenge.jsx": {"path":"D:\\Rahul_Sale\\React18_WB\\src\\components\\CompetionChallenge.jsx","statementMap":{"0":{"start":{"line":5,"column":2},"end":{"line":59,"column":4}}},"fnMap":{"0":{"name":"CompetionChallenge","decl":{"start":{"line":4,"column":24},"end":{"line":4,"column":42}},"loc":{"start":{"line":4,"column":45},"end":{"line":60,"column":1}},"line":4}},"branchMap":{},"s":{"0":0},"f":{"0":0},"b":{}}
,"D:\\Rahul_Sale\\React18_WB\\src\\components\\CompetionContainer.jsx": {"path":"D:\\Rahul_Sale\\React18_WB\\src\\components\\CompetionContainer.jsx","statementMap":{"0":{"start":{"line":6,"column":2},"end":{"line":11,"column":4}}},"fnMap":{"0":{"name":"CompetionContainer","decl":{"start":{"line":5,"column":24},"end":{"line":5,"column":42}},"loc":{"start":{"line":5,"column":45},"end":{"line":12,"column":1}},"line":5}},"branchMap":{},"s":{"0":0},"f":{"0":0},"b":{}}
,"D:\\Rahul_Sale\\React18_WB\\src\\components\\CounterContainer.jsx": {"path":"D:\\Rahul_Sale\\React18_WB\\src\\components\\CounterContainer.jsx","statementMap":{"0":{"start":{"line":4,"column":47},"end":{"line":4,"column":56}},"1":{"start":{"line":5,"column":42},"end":{"line":5,"column":53}},"2":{"start":{"line":6,"column":60},"end":{"line":6,"column":75}},"3":{"start":{"line":7,"column":35},"end":{"line":7,"column":48}},"4":{"start":{"line":8,"column":38},"end":{"line":8,"column":46}},"5":{"start":{"line":9,"column":2},"end":{"line":20,"column":9}},"6":{"start":{"line":19,"column":4},"end":{"line":19,"column":35}},"7":{"start":{"line":22,"column":2},"end":{"line":34,"column":30}},"8":{"start":{"line":23,"column":4},"end":{"line":33,"column":5}},"9":{"start":{"line":24,"column":43},"end":{"line":32,"column":34}},"10":{"start":{"line":36,"column":2},"end":{"line":48,"column":30}},"11":{"start":{"line":37,"column":4},"end":{"line":47,"column":5}},"12":{"start":{"line":38,"column":45},"end":{"line":46,"column":37}},"13":{"start":{"line":50,"column":2},"end":{"line":50,"column":37}}},"fnMap":{"0":{"name":"CounterContainer","decl":{"start":{"line":3,"column":24},"end":{"line":3,"column":40}},"loc":{"start":{"line":3,"column":43},"end":{"line":51,"column":1}},"line":3},"1":{"name":"(anonymous_1)","decl":{"start":{"line":9,"column":12},"end":{"line":9,"column":13}},"loc":{"start":{"line":9,"column":18},"end":{"line":20,"column":3}},"line":9},"2":{"name":"(anonymous_2)","decl":{"start":{"line":22,"column":12},"end":{"line":22,"column":13}},"loc":{"start":{"line":22,"column":18},"end":{"line":34,"column":3}},"line":22},"3":{"name":"(anonymous_3)","decl":{"start":{"line":24,"column":55},"end":{"line":24,"column":56}},"loc":{"start":{"line":24,"column":67},"end":{"line":32,"column":7}},"line":24},"4":{"name":"(anonymous_4)","decl":{"start":{"line":36,"column":12},"end":{"line":36,"column":13}},"loc":{"start":{"line":36,"column":18},"end":{"line":48,"column":3}},"line":36},"5":{"name":"(anonymous_5)","decl":{"start":{"line":38,"column":57},"end":{"line":38,"column":58}},"loc":{"start":{"line":38,"column":69},"end":{"line":46,"column":7}},"line":38}},"branchMap":{"0":{"loc":{"start":{"line":23,"column":4},"end":{"line":33,"column":5}},"type":"if","locations":[{"start":{"line":23,"column":4},"end":{"line":33,"column":5}},{"start":{},"end":{}}],"line":23},"1":{"loc":{"start":{"line":37,"column":4},"end":{"line":47,"column":5}},"type":"if","locations":[{"start":{"line":37,"column":4},"end":{"line":47,"column":5}},{"start":{},"end":{}}],"line":37}},"s":{"0":0,"1":0,"2":0,"3":0,"4":0,"5":0,"6":0,"7":0,"8":0,"9":0,"10":0,"11":0,"12":0,"13":0},"f":{"0":0,"1":0,"2":0,"3":0,"4":0,"5":0},"b":{"0":[0,0],"1":[0,0]}}
,"D:\\Rahul_Sale\\React18_WB\\src\\components\\CounterUI.jsx": {"path":"D:\\Rahul_Sale\\React18_WB\\src\\components\\CounterUI.jsx","statementMap":{"0":{"start":{"line":5,"column":2},"end":{"line":5,"column":30}}},"fnMap":{"0":{"name":"CounterUI","decl":{"start":{"line":3,"column":24},"end":{"line":3,"column":33}},"loc":{"start":{"line":3,"column":36},"end":{"line":6,"column":1}},"line":3}},"branchMap":{},"s":{"0":0},"f":{"0":0},"b":{}}
,"D:\\Rahul_Sale\\React18_WB\\src\\components\\EvaluationCriteria.jsx": {"path":"D:\\Rahul_Sale\\React18_WB\\src\\components\\EvaluationCriteria.jsx","statementMap":{"0":{"start":{"line":5,"column":2},"end":{"line":62,"column":4}}},"fnMap":{"0":{"name":"EvaluationCriteria","decl":{"start":{"line":4,"column":9},"end":{"line":4,"column":27}},"loc":{"start":{"line":4,"column":30},"end":{"line":63,"column":1}},"line":4}},"branchMap":{},"s":{"0":0},"f":{"0":0},"b":{}}
,"D:\\Rahul_Sale\\React18_WB\\src\\components\\SingleChallenge.jsx": {"path":"D:\\Rahul_Sale\\React18_WB\\src\\components\\SingleChallenge.jsx","statementMap":{},"fnMap":{},"branchMap":{},"s":{},"f":{},"b":{}}
,"D:\\Rahul_Sale\\React18_WB\\src\\components\\TicTacToeContainer.jsx": {"path":"D:\\Rahul_Sale\\React18_WB\\src\\components\\TicTacToeContainer.jsx","statementMap":{"0":{"start":{"line":4,"column":2},"end":{"line":4,"column":70}}},"fnMap":{"0":{"name":"TicTacToeContainer","decl":{"start":{"line":3,"column":24},"end":{"line":3,"column":42}},"loc":{"start":{"line":3,"column":45},"end":{"line":5,"column":1}},"line":3}},"branchMap":{},"s":{"0":0},"f":{"0":0},"b":{}}
}
